
=== Thu Oct 15 17:20:24 2020

Packages were changed.
Update Mode: updateDependencies

The following packages were added:
  com.unity.ide.visualstudio@2.0.2
The following packages were updated:
  com.unity.2d.animation from version 3.2.1 to 4.2.5
  com.unity.2d.pixel-perfect from version 2.0.4 to 3.0.2
  com.unity.2d.psdimporter from version 2.1.3 to 3.1.5
  com.unity.2d.spriteshape from version 3.0.10 to 4.1.3
  com.unity.collab-proxy from version 1.2.16 to 1.3.9
  com.unity.ide.rider from version 1.1.4 to 1.2.1
  com.unity.ide.vscode from version 1.2.0 to 1.2.1
  com.unity.test-framework from version 1.1.13 to 1.1.16
  com.unity.textmeshpro from version 2.0.1 to 3.0.1

=== Fri Oct 16 00:40:06 2020

Packages were changed.
Update Mode: updateDependencies

The following packages were updated:
  com.unity.2d.animation from version 4.2.5 to 4.2.6
  com.unity.2d.psdimporter from version 3.1.5 to 3.1.6
  com.unity.2d.spriteshape from version 4.1.3 to 4.1.4
  com.unity.ide.vscode from version 1.2.1 to 1.2.2
